<?xml version="1.0" encoding="UTF-8"?>
<!-- Generated by org.testng.reporters.JUnitReportReporter -->
<testsuite skipped="0" hostname="DESKTOP-5A0GL55" name="TMKN.Tamkeen.SimpliLearnLogin" tests="3" failures="0" timestamp="2022-09-17T07:33:42 AST" time="158.641" errors="0">
  <testcase name="login2" time="18.669" classname="TMKN.Tamkeen.SimpliLearnLogin"/>
  <system-out/>
  <testcase name="test3" time="18.591" classname="TMKN.Tamkeen.SimpliLearnLogin"/>
  <system-out/>
  <testcase name="Test1" time="121.381" classname="TMKN.Tamkeen.SimpliLearnLogin"/>
  <system-out/>
</testsuite> <!-- TMKN.Tamkeen.SimpliLearnLogin -->
