<?xml version="1.0" encoding="UTF-8"?>
<!-- Generated by org.testng.reporters.JUnitReportReporter -->
<testsuite skipped="1" hostname="DESKTOP-5A0GL55" name="TMKN.Tamkeen.SimpliLearnLogin" tests="3" failures="0" timestamp="2022-09-11T08:23:45 AST" time="34.260" errors="0">
  <testcase name="Test1" time="17.269" classname="TMKN.Tamkeen.SimpliLearnLogin"/>
  <system-out/>
  <testcase name="test3" time="16.991" classname="TMKN.Tamkeen.SimpliLearnLogin"/>
  <system-out/>
  <testcase name="login2" classname="TMKN.Tamkeen.SimpliLearnLogin">
    <skipped/>
  </testcase> <!-- login2 -->
  <system-out/>
</testsuite> <!-- TMKN.Tamkeen.SimpliLearnLogin -->
