<?xml version="1.0" encoding="UTF-8"?>
<!-- Generated by org.testng.reporters.JUnitReportReporter -->
<testsuite skipped="0" hostname="DESKTOP-5A0GL55" name="TMKN.Tamkeen.SimpliLearnLogin" tests="1" failures="0" timestamp="2022-09-11T06:40:51 AST" time="19.082" errors="0">
  <testcase name="Test1" time="19.082" classname="TMKN.Tamkeen.SimpliLearnLogin"/>
  <system-out/>
</testsuite> <!-- TMKN.Tamkeen.SimpliLearnLogin -->
