<?xml version="1.0" encoding="UTF-8"?>
<!-- Generated by org.testng.reporters.JUnitReportReporter -->
<testsuite skipped="0" hostname="DESKTOP-5A0GL55" name="TMKN.Tamkeen.SimpliLearnLogin" tests="3" failures="0" timestamp="2022-09-24T06:54:04 AST" time="59.826" errors="0">
  <testcase name="login2" time="18.882" classname="TMKN.Tamkeen.SimpliLearnLogin"/>
  <system-out/>
  <testcase name="test3" time="22.299" classname="TMKN.Tamkeen.SimpliLearnLogin"/>
  <system-out/>
  <testcase name="Test1" time="18.645" classname="TMKN.Tamkeen.SimpliLearnLogin"/>
  <system-out/>
</testsuite> <!-- TMKN.Tamkeen.SimpliLearnLogin -->
